[0103/161316.918:WARNING:spdy_session.cc(3365)] Received HEADERS for invalid stream 27
[0103/161318.226:WARNING:spdy_session.cc(3365)] Received HEADERS for invalid stream 45
[0103/161318.864:ERROR:device_event_log_impl.cc(208)] [16:13:18.865] Bluetooth: bluetooth_adapter_winrt.cc:1074 Getting Default Adapter failed.
[0103/161547.514:ERROR:batching_media_log.cc(38)] MediaEvent: {"error":"FFmpegDemuxer: no supported streams"}
[0103/161547.514:ERROR:batching_media_log.cc(35)] MediaEvent: {"pipeline_error":14}
[0103/161548.513:ERROR:batching_media_log.cc(38)] MediaEvent: {"error":"FFmpegDemuxer: no supported streams"}
[0103/161548.513:ERROR:batching_media_log.cc(35)] MediaEvent: {"pipeline_error":14}
[0106/183057.308:WARNING:spdy_session.cc(3365)] Received HEADERS for invalid stream 29
[0106/183100.935:WARNING:spdy_session.cc(3365)] Received HEADERS for invalid stream 31
[0106/183102.022:ERROR:batching_media_log.cc(38)] MediaEvent: {"error":"FFmpegDemuxer: no supported streams"}
[0106/183102.022:ERROR:batching_media_log.cc(35)] MediaEvent: {"pipeline_error":14}
[0106/183103.797:ERROR:batching_media_log.cc(38)] MediaEvent: {"error":"FFmpegDemuxer: no supported streams"}
[0106/183103.797:ERROR:batching_media_log.cc(35)] MediaEvent: {"pipeline_error":14}
[0108/131335.831:WARNING:spdy_session.cc(3365)] Received HEADERS for invalid stream 35
[0108/131336.345:ERROR:batching_media_log.cc(38)] MediaEvent: {"error":"FFmpegDemuxer: no supported streams"}
[0108/131336.345:ERROR:batching_media_log.cc(35)] MediaEvent: {"pipeline_error":14}
[0108/131336.413:ERROR:batching_media_log.cc(38)] MediaEvent: {"error":"FFmpegDemuxer: no supported streams"}
[0108/131336.413:ERROR:batching_media_log.cc(35)] MediaEvent: {"pipeline_error":14}
[0108/151423.550:WARNING:dns_config_service_win.cc(700)] Failed to read DnsConfig.
[0108/151423.552:WARNING:dns_config_service_win.cc(700)] Failed to read DnsConfig.
[0108/151428.552:WARNING:dns_config_service_win.cc(700)] Failed to read DnsConfig.
[0108/151428.560:WARNING:dns_config_service_win.cc(700)] Failed to read DnsConfig.
[0108/151433.554:WARNING:dns_config_service_win.cc(700)] Failed to read DnsConfig.
[0108/151433.573:WARNING:dns_config_service_win.cc(700)] Failed to read DnsConfig.
[0108/151438.556:WARNING:dns_config_service_win.cc(700)] Failed to read DnsConfig.
[0108/151438.586:WARNING:dns_config_service_win.cc(700)] Failed to read DnsConfig.
[0108/151443.558:WARNING:dns_config_service_win.cc(700)] Failed to read DnsConfig.
[0108/151443.599:WARNING:dns_config_service_win.cc(700)] Failed to read DnsConfig.
[0108/151445.157:WARNING:dns_config_service_win.cc(700)] Failed to read DnsConfig.
[0108/151445.162:WARNING:dns_config_service_win.cc(700)] Failed to read DnsConfig.
[0108/151448.561:WARNING:dns_config_service_win.cc(700)] Failed to read DnsConfig.
[0108/151448.611:WARNING:dns_config_service_win.cc(700)] Failed to read DnsConfig.
[0108/151450.162:WARNING:dns_config_service_win.cc(700)] Failed to read DnsConfig.
[0108/151450.165:WARNING:dns_config_service_win.cc(700)] Failed to read DnsConfig.
[0108/151453.563:WARNING:dns_config_service_win.cc(700)] Failed to read DnsConfig.
[0108/151453.627:WARNING:dns_config_service_win.cc(700)] Failed to read DnsConfig.
[0108/151455.167:WARNING:dns_config_service_win.cc(700)] Failed to read DnsConfig.
[0108/151455.178:WARNING:dns_config_service_win.cc(700)] Failed to read DnsConfig.
[0108/151458.566:WARNING:dns_config_service_win.cc(700)] Failed to read DnsConfig.
[0108/151458.640:WARNING:dns_config_service_win.cc(700)] Failed to read DnsConfig.
[0108/151500.529:WARNING:dns_config_service_win.cc(700)] Failed to read DnsConfig.
[0108/151500.535:WARNING:dns_config_service_win.cc(700)] Failed to read DnsConfig.
[0108/151503.569:WARNING:dns_config_service_win.cc(700)] Failed to read DnsConfig.
[0108/151503.650:WARNING:dns_config_service_win.cc(700)] Failed to read DnsConfig.
[0108/151505.535:WARNING:dns_config_service_win.cc(700)] Failed to read DnsConfig.
[0108/151505.537:WARNING:dns_config_service_win.cc(700)] Failed to read DnsConfig.
[0108/151508.571:WARNING:dns_config_service_win.cc(700)] Failed to read DnsConfig.
[0108/151508.664:WARNING:dns_config_service_win.cc(700)] Failed to read DnsConfig.
[0108/151510.540:WARNING:dns_config_service_win.cc(700)] Failed to read DnsConfig.
[0108/151510.549:WARNING:dns_config_service_win.cc(700)] Failed to read DnsConfig.
[0108/151513.574:WARNING:dns_config_service_win.cc(700)] Failed to read DnsConfig.
[0108/151513.667:WARNING:dns_config_service_win.cc(700)] Failed to read DnsConfig.
[0108/151515.544:WARNING:dns_config_service_win.cc(700)] Failed to read DnsConfig.
[0108/151515.565:WARNING:dns_config_service_win.cc(700)] Failed to read DnsConfig.
[0108/151518.576:WARNING:dns_config_service_win.cc(700)] Failed to read DnsConfig.
[0108/151518.685:WARNING:dns_config_service_win.cc(700)] Failed to read DnsConfig.
[0108/151520.547:WARNING:dns_config_service_win.cc(700)] Failed to read DnsConfig.
[0108/151520.573:WARNING:dns_config_service_win.cc(700)] Failed to read DnsConfig.
[0108/151523.578:WARNING:dns_config_service_win.cc(700)] Failed to read DnsConfig.
[0108/151523.694:WARNING:dns_config_service_win.cc(700)] Failed to read DnsConfig.
